<?xml version="1.0" encoding="UTF-8"?>
<!-- Generated by org.testng.reporters.JUnitXMLReporter -->
<testsuite hostname="Lenovo-PC" name="Default test" tests="1" failures="0" timestamp="12 Apr 2017 04:58:36 GMT" time="59.8" errors="0">
  <testcase name="@BeforeTest beforeTest" time="0.0" classname="example.NewTest">
    <failure type="org.openqa.selenium.WebDriverException" message="Failed to connect to binary FirefoxBinary(C:\Program Files (x86)\Mozilla Firefox\firefox.exe) on port 7055; process output follows: 
&amp;quot;:true,&amp;quot;v&amp;quot;:&amp;quot;52.0&amp;quot;,&amp;quot;st&amp;quot;:1488490724000}},&amp;quot;winreg-app-global&amp;quot;:{&amp;quot;arthurj8283@gmail.com&amp;quot;:{&amp;quot;d&amp;quot;:&amp;quot;C:\\Users\\Lenovo\\AppData\\Roaming\\Mozilla\\Firefox\\Profiles\\ybkumo7h.default\\extensions\\arthurj8283@gmail.com&amp;quot;,&amp;quot;e&amp;quot;:false,&amp;quot;v&amp;quot;:&amp;quot;1.0.1&amp;quot;,&amp;quot;st&amp;quot;:1489033440885,&amp;quot;mt&amp;quot;:1428487616000}}}
1491973069634	addons.xpi	DEBUG	No changes found
1491973069662	addons.xpi	DEBUG	Registering manifest for C:\Program Files (x86)\Mozilla Firefox\browser\features\aushelper@mozilla.org.xpi
1491973069663	addons.xpi	DEBUG	Loading bootstrap scope from C:\Program Files (x86)\Mozilla Firefox\browser\features\aushelper@mozilla.org.xpi
1491973069677	addons.xpi	DEBUG	Calling bootstrap method startup on aushelper@mozilla.org version 2.0
1491973069681	addons.xpi	DEBUG	Registering manifest for C:\Program Files (x86)\Mozilla Firefox\browser\features\e10srollout@mozilla.org.xpi
1491973069682	addons.xpi	DEBUG	Loading bootstrap scope from C:\Program Files (x86)\Mozilla Firefox\browser\features\e10srollout@mozilla.org.xpi
1491973069688	addons.xpi	DEBUG	Calling bootstrap method startup on e10srollout@mozilla.org version 1.9
1491973069690	addons.xpi	DEBUG	Registering manifest for C:\Program Files (x86)\Mozilla Firefox\browser\features\firefox@getpocket.com.xpi
1491973069692	addons.xpi	DEBUG	Loading bootstrap scope from C:\Program Files (x86)\Mozilla Firefox\browser\features\firefox@getpocket.com.xpi
1491973069702	addons.xpi	DEBUG	Calling bootstrap method startup on firefox@getpocket.com version 1.0.5
1491973069721	addons.xpi-utils	DEBUG	Starting async load of XPI database C:\Users\Lenovo\AppData\Local\Temp\anonymous6586772710417979642webdriver-profile\extensions.json
1491973069724	addons.xpi	DEBUG	Registering manifest for C:\Program Files (x86)\Mozilla Firefox\browser\features\webcompat@mozilla.org.xpi
1491973069724	addons.xpi	DEBUG	Loading bootstrap scope from C:\Program Files (x86)\Mozilla Firefox\browser\features\webcompat@mozilla.org.xpi
1491973069730	addons.xpi	DEBUG	Calling bootstrap method startup on webcompat@mozilla.org version 1.0
1491973069736	addons.manager	DEBUG	Registering shutdown blocker for XPIProvider
1491973069737	addons.manager	DEBUG	Provider finished startup: XPIProvider
1491973069737	addons.manager	DEBUG	Starting provider: LightweightThemeManager
1491973069740	addons.manager	DEBUG	Registering shutdown blocker for LightweightThemeManager
1491973069740	addons.manager	DEBUG	Provider finished startup: LightweightThemeManager
1491973069741	addons.manager	DEBUG	Starting provider: GMPProvider
1491973069763	addons.manager	DEBUG	Registering shutdown blocker for GMPProvider
1491973069764	addons.manager	DEBUG	Provider finished startup: GMPProvider
1491973069764	addons.manager	DEBUG	Starting provider: PluginProvider
1491973069764	addons.manager	DEBUG	Registering shutdown blocker for PluginProvider
1491973069765	addons.manager	DEBUG	Provider finished startup: PluginProvider
1491973069767	addons.manager	DEBUG	Completed startup sequence
[GFX1]: Potential driver version mismatch ignored due to missing DLLs 0.0.0.0 and 0.0.0.0
1491973070555	addons.xpi-utils	DEBUG	Async JSON file read took 0 MS
1491973070555	addons.xpi-utils	DEBUG	Finished async read of XPI database, parsing...
1491973070561	addons.xpi-utils	DEBUG	Successfully read XPI database
1491973070593	addons.manager	DEBUG	Starting provider: &amp;lt;unnamed-provider&amp;gt;
1491973070593	addons.manager	DEBUG	Registering shutdown blocker for &amp;lt;unnamed-provider&amp;gt;
1491973070594	addons.manager	DEBUG	Provider finished startup: &amp;lt;unnamed-provider&amp;gt;
*** Blocklist::_loadBlocklistFromFile: blocklist is disabled
1491973070873	addons.manager	DEBUG	Starting provider: PreviousExperimentProvider
1491973070873	addons.manager	DEBUG	Registering shutdown blocker for PreviousExperimentProvider
1491973070874	addons.manager	DEBUG	Provider finished startup: PreviousExperimentProvider
Crash Annotation GraphicsCriticalError: |[C0][GFX1]: Potential driver version mismatch ignored due to missing DLLs 0.0.0.0 and 0.0.0.0 (t=3.45882) [GFX1]: Potential driver version mismatch ignored due to missing DLLs 0.0.0.0 and 0.0.0.0

Build info: version: &amp;apos;2.45.0&amp;apos;, revision: &amp;apos;5017cb8e7ca8e37638dc3091b2440b90a1d8686f&amp;apos;, time: &amp;apos;2015-02-27 09:10:26&amp;apos;
System info: host: &amp;apos;Lenovo-PC&amp;apos;, ip: &amp;apos;192.168.56.1&amp;apos;, os.name: &amp;apos;Windows 7&amp;apos;, os.arch: &amp;apos;amd64&amp;apos;, os.version: &amp;apos;6.1&amp;apos;, java.version: &amp;apos;1.8.0_121&amp;apos;
Driver info: driver.version: FirefoxDriver">
      <![CDATA[org.openqa.selenium.WebDriverException: Failed to connect to binary FirefoxBinary(C:\Program Files (x86)\Mozilla Firefox\firefox.exe) on port 7055; process output follows: 
":true,"v":"52.0","st":1488490724000}},"winreg-app-global":{"arthurj8283@gmail.com":{"d":"C:\\Users\\Lenovo\\AppData\\Roaming\\Mozilla\\Firefox\\Profiles\\ybkumo7h.default\\extensions\\arthurj8283@gmail.com","e":false,"v":"1.0.1","st":1489033440885,"mt":1428487616000}}}
1491973069634	addons.xpi	DEBUG	No changes found
1491973069662	addons.xpi	DEBUG	Registering manifest for C:\Program Files (x86)\Mozilla Firefox\browser\features\aushelper@mozilla.org.xpi
1491973069663	addons.xpi	DEBUG	Loading bootstrap scope from C:\Program Files (x86)\Mozilla Firefox\browser\features\aushelper@mozilla.org.xpi
1491973069677	addons.xpi	DEBUG	Calling bootstrap method startup on aushelper@mozilla.org version 2.0
1491973069681	addons.xpi	DEBUG	Registering manifest for C:\Program Files (x86)\Mozilla Firefox\browser\features\e10srollout@mozilla.org.xpi
1491973069682	addons.xpi	DEBUG	Loading bootstrap scope from C:\Program Files (x86)\Mozilla Firefox\browser\features\e10srollout@mozilla.org.xpi
1491973069688	addons.xpi	DEBUG	Calling bootstrap method startup on e10srollout@mozilla.org version 1.9
1491973069690	addons.xpi	DEBUG	Registering manifest for C:\Program Files (x86)\Mozilla Firefox\browser\features\firefox@getpocket.com.xpi
1491973069692	addons.xpi	DEBUG	Loading bootstrap scope from C:\Program Files (x86)\Mozilla Firefox\browser\features\firefox@getpocket.com.xpi
1491973069702	addons.xpi	DEBUG	Calling bootstrap method startup on firefox@getpocket.com version 1.0.5
1491973069721	addons.xpi-utils	DEBUG	Starting async load of XPI database C:\Users\Lenovo\AppData\Local\Temp\anonymous6586772710417979642webdriver-profile\extensions.json
1491973069724	addons.xpi	DEBUG	Registering manifest for C:\Program Files (x86)\Mozilla Firefox\browser\features\webcompat@mozilla.org.xpi
1491973069724	addons.xpi	DEBUG	Loading bootstrap scope from C:\Program Files (x86)\Mozilla Firefox\browser\features\webcompat@mozilla.org.xpi
1491973069730	addons.xpi	DEBUG	Calling bootstrap method startup on webcompat@mozilla.org version 1.0
1491973069736	addons.manager	DEBUG	Registering shutdown blocker for XPIProvider
1491973069737	addons.manager	DEBUG	Provider finished startup: XPIProvider
1491973069737	addons.manager	DEBUG	Starting provider: LightweightThemeManager
1491973069740	addons.manager	DEBUG	Registering shutdown blocker for LightweightThemeManager
1491973069740	addons.manager	DEBUG	Provider finished startup: LightweightThemeManager
1491973069741	addons.manager	DEBUG	Starting provider: GMPProvider
1491973069763	addons.manager	DEBUG	Registering shutdown blocker for GMPProvider
1491973069764	addons.manager	DEBUG	Provider finished startup: GMPProvider
1491973069764	addons.manager	DEBUG	Starting provider: PluginProvider
1491973069764	addons.manager	DEBUG	Registering shutdown blocker for PluginProvider
1491973069765	addons.manager	DEBUG	Provider finished startup: PluginProvider
1491973069767	addons.manager	DEBUG	Completed startup sequence
[GFX1]: Potential driver version mismatch ignored due to missing DLLs 0.0.0.0 and 0.0.0.0
1491973070555	addons.xpi-utils	DEBUG	Async JSON file read took 0 MS
1491973070555	addons.xpi-utils	DEBUG	Finished async read of XPI database, parsing...
1491973070561	addons.xpi-utils	DEBUG	Successfully read XPI database
1491973070593	addons.manager	DEBUG	Starting provider: <unnamed-provider>
1491973070593	addons.manager	DEBUG	Registering shutdown blocker for <unnamed-provider>
1491973070594	addons.manager	DEBUG	Provider finished startup: <unnamed-provider>
*** Blocklist::_loadBlocklistFromFile: blocklist is disabled
1491973070873	addons.manager	DEBUG	Starting provider: PreviousExperimentProvider
1491973070873	addons.manager	DEBUG	Registering shutdown blocker for PreviousExperimentProvider
1491973070874	addons.manager	DEBUG	Provider finished startup: PreviousExperimentProvider
Crash Annotation GraphicsCriticalError: |[C0][GFX1]: Potential driver version mismatch ignored due to missing DLLs 0.0.0.0 and 0.0.0.0 (t=3.45882) [GFX1]: Potential driver version mismatch ignored due to missing DLLs 0.0.0.0 and 0.0.0.0

Build info: version: '2.45.0', revision: '5017cb8e7ca8e37638dc3091b2440b90a1d8686f', time: '2015-02-27 09:10:26'
System info: host: 'Lenovo-PC', ip: '192.168.56.1', os.name: 'Windows 7', os.arch: 'amd64', os.version: '6.1', java.version: '1.8.0_121'
Driver info: driver.version: FirefoxDriver
	at org.openqa.selenium.firefox.internal.NewProfileExtensionConnection.start(NewProfileExtensionConnection.java:130)
	at org.openqa.selenium.firefox.FirefoxDriver.startClient(FirefoxDriver.java:246)
	at org.openqa.selenium.remote.RemoteWebDriver.<init>(RemoteWebDriver.java:114)
	at org.openqa.selenium.firefox.FirefoxDriver.<init>(FirefoxDriver.java:191)
	at org.openqa.selenium.firefox.FirefoxDriver.<init>(FirefoxDriver.java:186)
	at org.openqa.selenium.firefox.FirefoxDriver.<init>(FirefoxDriver.java:182)
	at org.openqa.selenium.firefox.FirefoxDriver.<init>(FirefoxDriver.java:95)
	at example.NewTest.beforeTest(NewTest.java:21)
	at sun.reflect.NativeMethodAccessorImpl.invoke0(Native Method)
	at sun.reflect.NativeMethodAccessorImpl.invoke(Unknown Source)
	at sun.reflect.DelegatingMethodAccessorImpl.invoke(Unknown Source)
	at java.lang.reflect.Method.invoke(Unknown Source)
	at org.testng.internal.MethodInvocationHelper.invokeMethod(MethodInvocationHelper.java:80)
	at org.testng.internal.Invoker.invokeConfigurationMethod(Invoker.java:564)
	at org.testng.internal.Invoker.invokeConfigurations(Invoker.java:213)
	at org.testng.internal.Invoker.invokeConfigurations(Invoker.java:138)
	at org.testng.TestRunner.beforeRun(TestRunner.java:641)
	at org.testng.TestRunner.run(TestRunner.java:609)
	at org.testng.SuiteRunner.runTest(SuiteRunner.java:334)
	at org.testng.SuiteRunner.runSequentially(SuiteRunner.java:329)
	at org.testng.SuiteRunner.privateRun(SuiteRunner.java:291)
	at org.testng.SuiteRunner.run(SuiteRunner.java:240)
	at org.testng.SuiteRunnerWorker.runSuite(SuiteRunnerWorker.java:52)
	at org.testng.SuiteRunnerWorker.run(SuiteRunnerWorker.java:86)
	at org.testng.TestNG.runSuitesSequentially(TestNG.java:1198)
	at org.testng.TestNG.runSuitesLocally(TestNG.java:1123)
	at org.testng.TestNG.run(TestNG.java:1031)
	at org.testng.remote.AbstractRemoteTestNG.run(AbstractRemoteTestNG.java:132)
	at org.testng.remote.RemoteTestNG.initAndRun(RemoteTestNG.java:230)
	at org.testng.remote.RemoteTestNG.main(RemoteTestNG.java:76)
Caused by: org.openqa.selenium.firefox.NotConnectedException: Unable to connect to host 127.0.0.1 on port 7055 after 45000 ms. Firefox console output:
":true,"v":"52.0","st":1488490724000}},"winreg-app-global":{"arthurj8283@gmail.com":{"d":"C:\\Users\\Lenovo\\AppData\\Roaming\\Mozilla\\Firefox\\Profiles\\ybkumo7h.default\\extensions\\arthurj8283@gmail.com","e":false,"v":"1.0.1","st":1489033440885,"mt":1428487616000}}}
1491973069634	addons.xpi	DEBUG	No changes found
1491973069662	addons.xpi	DEBUG	Registering manifest for C:\Program Files (x86)\Mozilla Firefox\browser\features\aushelper@mozilla.org.xpi
1491973069663	addons.xpi	DEBUG	Loading bootstrap scope from C:\Program Files (x86)\Mozilla Firefox\browser\features\aushelper@mozilla.org.xpi
1491973069677	addons.xpi	DEBUG	Calling bootstrap method startup on aushelper@mozilla.org version 2.0
1491973069681	addons.xpi	DEBUG	Registering manifest for C:\Program Files (x86)\Mozilla Firefox\browser\features\e10srollout@mozilla.org.xpi
1491973069682	addons.xpi	DEBUG	Loading bootstrap scope from C:\Program Files (x86)\Mozilla Firefox\browser\features\e10srollout@mozilla.org.xpi
1491973069688	addons.xpi	DEBUG	Calling bootstrap method startup on e10srollout@mozilla.org version 1.9
1491973069690	addons.xpi	DEBUG	Registering manifest for C:\Program Files (x86)\Mozilla Firefox\browser\features\firefox@getpocket.com.xpi
1491973069692	addons.xpi	DEBUG	Loading bootstrap scope from C:\Program Files (x86)\Mozilla Firefox\browser\features\firefox@getpocket.com.xpi
1491973069702	addons.xpi	DEBUG	Calling bootstrap method startup on firefox@getpocket.com version 1.0.5
1491973069721	addons.xpi-utils	DEBUG	Starting async load of XPI database C:\Users\Lenovo\AppData\Local\Temp\anonymous6586772710417979642webdriver-profile\extensions.json
1491973069724	addons.xpi	DEBUG	Registering manifest for C:\Program Files (x86)\Mozilla Firefox\browser\features\webcompat@mozilla.org.xpi
1491973069724	addons.xpi	DEBUG	Loading bootstrap scope from C:\Program Files (x86)\Mozilla Firefox\browser\features\webcompat@mozilla.org.xpi
1491973069730	addons.xpi	DEBUG	Calling bootstrap method startup on webcompat@mozilla.org version 1.0
1491973069736	addons.manager	DEBUG	Registering shutdown blocker for XPIProvider
1491973069737	addons.manager	DEBUG	Provider finished startup: XPIProvider
1491973069737	addons.manager	DEBUG	Starting provider: LightweightThemeManager
1491973069740	addons.manager	DEBUG	Registering shutdown blocker for LightweightThemeManager
1491973069740	addons.manager	DEBUG	Provider finished startup: LightweightThemeManager
1491973069741	addons.manager	DEBUG	Starting provider: GMPProvider
1491973069763	addons.manager	DEBUG	Registering shutdown blocker for GMPProvider
1491973069764	addons.manager	DEBUG	Provider finished startup: GMPProvider
1491973069764	addons.manager	DEBUG	Starting provider: PluginProvider
1491973069764	addons.manager	DEBUG	Registering shutdown blocker for PluginProvider
1491973069765	addons.manager	DEBUG	Provider finished startup: PluginProvider
1491973069767	addons.manager	DEBUG	Completed startup sequence
[GFX1]: Potential driver version mismatch ignored due to missing DLLs 0.0.0.0 and 0.0.0.0
1491973070555	addons.xpi-utils	DEBUG	Async JSON file read took 0 MS
1491973070555	addons.xpi-utils	DEBUG	Finished async read of XPI database, parsing...
1491973070561	addons.xpi-utils	DEBUG	Successfully read XPI database
1491973070593	addons.manager	DEBUG	Starting provider: <unnamed-provider>
1491973070593	addons.manager	DEBUG	Registering shutdown blocker for <unnamed-provider>
1491973070594	addons.manager	DEBUG	Provider finished startup: <unnamed-provider>
*** Blocklist::_loadBlocklistFromFile: blocklist is disabled
1491973070873	addons.manager	DEBUG	Starting provider: PreviousExperimentProvider
1491973070873	addons.manager	DEBUG	Registering shutdown blocker for PreviousExperimentProvider
1491973070874	addons.manager	DEBUG	Provider finished startup: PreviousExperimentProvider
Crash Annotation GraphicsCriticalError: |[C0][GFX1]: Potential driver version mismatch ignored due to missing DLLs 0.0.0.0 and 0.0.0.0 (t=3.45882) [GFX1]: Potential driver version mismatch ignored due to missing DLLs 0.0.0.0 and 0.0.0.0

	at org.openqa.selenium.firefox.internal.NewProfileExtensionConnection.start(NewProfileExtensionConnection.java:118)
	... 29 more
]]>
    </failure>
  </testcase> <!-- @BeforeTest beforeTest -->
  <testcase name="@AfterTest afterTest" time="0.0" classname="example.NewTest">
    <skipped/>
  </testcase> <!-- @AfterTest afterTest -->
  <testcase name="testEasy" time="0.005" classname="example.NewTest">
    <skipped/>
  </testcase> <!-- testEasy -->
</testsuite> <!-- Default test -->
