<?xml version="1.0" encoding="UTF-8"?>
<!-- Generated by org.testng.reporters.JUnitXMLReporter -->
<testsuite hostname="Lenovo-PC" name="Test" tests="1" failures="0" timestamp="12 Apr 2017 04:59:56 GMT" time="57.957" errors="0">
  <testcase name="@BeforeTest beforeTest" time="0.0" classname="example.NewTest">
    <failure type="org.openqa.selenium.WebDriverException" message="Failed to connect to binary FirefoxBinary(C:\Program Files (x86)\Mozilla Firefox\firefox.exe) on port 7055; process output follows: 
&amp;quot;:true,&amp;quot;v&amp;quot;:&amp;quot;52.0&amp;quot;,&amp;quot;st&amp;quot;:1488490724000}},&amp;quot;winreg-app-global&amp;quot;:{&amp;quot;arthurj8283@gmail.com&amp;quot;:{&amp;quot;d&amp;quot;:&amp;quot;C:\\Users\\Lenovo\\AppData\\Roaming\\Mozilla\\Firefox\\Profiles\\ybkumo7h.default\\extensions\\arthurj8283@gmail.com&amp;quot;,&amp;quot;e&amp;quot;:false,&amp;quot;v&amp;quot;:&amp;quot;1.0.1&amp;quot;,&amp;quot;st&amp;quot;:1489033440885,&amp;quot;mt&amp;quot;:1428487616000}}}
1491973150191	addons.xpi	DEBUG	No changes found
1491973150213	addons.xpi	DEBUG	Registering manifest for C:\Program Files (x86)\Mozilla Firefox\browser\features\aushelper@mozilla.org.xpi
1491973150215	addons.xpi	DEBUG	Loading bootstrap scope from C:\Program Files (x86)\Mozilla Firefox\browser\features\aushelper@mozilla.org.xpi
1491973150228	addons.xpi	DEBUG	Calling bootstrap method startup on aushelper@mozilla.org version 2.0
1491973150232	addons.xpi	DEBUG	Registering manifest for C:\Program Files (x86)\Mozilla Firefox\browser\features\e10srollout@mozilla.org.xpi
1491973150233	addons.xpi	DEBUG	Loading bootstrap scope from C:\Program Files (x86)\Mozilla Firefox\browser\features\e10srollout@mozilla.org.xpi
1491973150240	addons.xpi	DEBUG	Calling bootstrap method startup on e10srollout@mozilla.org version 1.9
1491973150242	addons.xpi	DEBUG	Registering manifest for C:\Program Files (x86)\Mozilla Firefox\browser\features\firefox@getpocket.com.xpi
1491973150243	addons.xpi	DEBUG	Loading bootstrap scope from C:\Program Files (x86)\Mozilla Firefox\browser\features\firefox@getpocket.com.xpi
1491973150253	addons.xpi	DEBUG	Calling bootstrap method startup on firefox@getpocket.com version 1.0.5
1491973150271	addons.xpi-utils	DEBUG	Starting async load of XPI database C:\Users\Lenovo\AppData\Local\Temp\anonymous7230217526087937825webdriver-profile\extensions.json
1491973150273	addons.xpi	DEBUG	Registering manifest for C:\Program Files (x86)\Mozilla Firefox\browser\features\webcompat@mozilla.org.xpi
1491973150274	addons.xpi	DEBUG	Loading bootstrap scope from C:\Program Files (x86)\Mozilla Firefox\browser\features\webcompat@mozilla.org.xpi
1491973150279	addons.xpi	DEBUG	Calling bootstrap method startup on webcompat@mozilla.org version 1.0
1491973150284	addons.manager	DEBUG	Registering shutdown blocker for XPIProvider
1491973150285	addons.manager	DEBUG	Provider finished startup: XPIProvider
1491973150286	addons.manager	DEBUG	Starting provider: LightweightThemeManager
1491973150287	addons.manager	DEBUG	Registering shutdown blocker for LightweightThemeManager
1491973150287	addons.manager	DEBUG	Provider finished startup: LightweightThemeManager
1491973150289	addons.manager	DEBUG	Starting provider: GMPProvider
1491973150308	addons.manager	DEBUG	Registering shutdown blocker for GMPProvider
1491973150309	addons.manager	DEBUG	Provider finished startup: GMPProvider
1491973150309	addons.manager	DEBUG	Starting provider: PluginProvider
1491973150309	addons.manager	DEBUG	Registering shutdown blocker for PluginProvider
1491973150310	addons.manager	DEBUG	Provider finished startup: PluginProvider
1491973150311	addons.manager	DEBUG	Completed startup sequence
[GFX1]: Potential driver version mismatch ignored due to missing DLLs 0.0.0.0 and 0.0.0.0
1491973150965	addons.xpi-utils	DEBUG	Async JSON file read took 0 MS
1491973150965	addons.xpi-utils	DEBUG	Finished async read of XPI database, parsing...
1491973150970	addons.xpi-utils	DEBUG	Successfully read XPI database
1491973151005	addons.manager	DEBUG	Starting provider: &amp;lt;unnamed-provider&amp;gt;
1491973151005	addons.manager	DEBUG	Registering shutdown blocker for &amp;lt;unnamed-provider&amp;gt;
1491973151006	addons.manager	DEBUG	Provider finished startup: &amp;lt;unnamed-provider&amp;gt;
*** Blocklist::_loadBlocklistFromFile: blocklist is disabled
1491973151265	addons.manager	DEBUG	Starting provider: PreviousExperimentProvider
1491973151265	addons.manager	DEBUG	Registering shutdown blocker for PreviousExperimentProvider
1491973151265	addons.manager	DEBUG	Provider finished startup: PreviousExperimentProvider
Crash Annotation GraphicsCriticalError: |[C0][GFX1]: Potential driver version mismatch ignored due to missing DLLs 0.0.0.0 and 0.0.0.0 (t=3.48178) [GFX1]: Potential driver version mismatch ignored due to missing DLLs 0.0.0.0 and 0.0.0.0

Build info: version: &amp;apos;2.45.0&amp;apos;, revision: &amp;apos;5017cb8e7ca8e37638dc3091b2440b90a1d8686f&amp;apos;, time: &amp;apos;2015-02-27 09:10:26&amp;apos;
System info: host: &amp;apos;Lenovo-PC&amp;apos;, ip: &amp;apos;192.168.56.1&amp;apos;, os.name: &amp;apos;Windows 7&amp;apos;, os.arch: &amp;apos;amd64&amp;apos;, os.version: &amp;apos;6.1&amp;apos;, java.version: &amp;apos;1.8.0_121&amp;apos;
Driver info: driver.version: FirefoxDriver">
      <![CDATA[org.openqa.selenium.WebDriverException: Failed to connect to binary FirefoxBinary(C:\Program Files (x86)\Mozilla Firefox\firefox.exe) on port 7055; process output follows: 
":true,"v":"52.0","st":1488490724000}},"winreg-app-global":{"arthurj8283@gmail.com":{"d":"C:\\Users\\Lenovo\\AppData\\Roaming\\Mozilla\\Firefox\\Profiles\\ybkumo7h.default\\extensions\\arthurj8283@gmail.com","e":false,"v":"1.0.1","st":1489033440885,"mt":1428487616000}}}
1491973150191	addons.xpi	DEBUG	No changes found
1491973150213	addons.xpi	DEBUG	Registering manifest for C:\Program Files (x86)\Mozilla Firefox\browser\features\aushelper@mozilla.org.xpi
1491973150215	addons.xpi	DEBUG	Loading bootstrap scope from C:\Program Files (x86)\Mozilla Firefox\browser\features\aushelper@mozilla.org.xpi
1491973150228	addons.xpi	DEBUG	Calling bootstrap method startup on aushelper@mozilla.org version 2.0
1491973150232	addons.xpi	DEBUG	Registering manifest for C:\Program Files (x86)\Mozilla Firefox\browser\features\e10srollout@mozilla.org.xpi
1491973150233	addons.xpi	DEBUG	Loading bootstrap scope from C:\Program Files (x86)\Mozilla Firefox\browser\features\e10srollout@mozilla.org.xpi
1491973150240	addons.xpi	DEBUG	Calling bootstrap method startup on e10srollout@mozilla.org version 1.9
1491973150242	addons.xpi	DEBUG	Registering manifest for C:\Program Files (x86)\Mozilla Firefox\browser\features\firefox@getpocket.com.xpi
1491973150243	addons.xpi	DEBUG	Loading bootstrap scope from C:\Program Files (x86)\Mozilla Firefox\browser\features\firefox@getpocket.com.xpi
1491973150253	addons.xpi	DEBUG	Calling bootstrap method startup on firefox@getpocket.com version 1.0.5
1491973150271	addons.xpi-utils	DEBUG	Starting async load of XPI database C:\Users\Lenovo\AppData\Local\Temp\anonymous7230217526087937825webdriver-profile\extensions.json
1491973150273	addons.xpi	DEBUG	Registering manifest for C:\Program Files (x86)\Mozilla Firefox\browser\features\webcompat@mozilla.org.xpi
1491973150274	addons.xpi	DEBUG	Loading bootstrap scope from C:\Program Files (x86)\Mozilla Firefox\browser\features\webcompat@mozilla.org.xpi
1491973150279	addons.xpi	DEBUG	Calling bootstrap method startup on webcompat@mozilla.org version 1.0
1491973150284	addons.manager	DEBUG	Registering shutdown blocker for XPIProvider
1491973150285	addons.manager	DEBUG	Provider finished startup: XPIProvider
1491973150286	addons.manager	DEBUG	Starting provider: LightweightThemeManager
1491973150287	addons.manager	DEBUG	Registering shutdown blocker for LightweightThemeManager
1491973150287	addons.manager	DEBUG	Provider finished startup: LightweightThemeManager
1491973150289	addons.manager	DEBUG	Starting provider: GMPProvider
1491973150308	addons.manager	DEBUG	Registering shutdown blocker for GMPProvider
1491973150309	addons.manager	DEBUG	Provider finished startup: GMPProvider
1491973150309	addons.manager	DEBUG	Starting provider: PluginProvider
1491973150309	addons.manager	DEBUG	Registering shutdown blocker for PluginProvider
1491973150310	addons.manager	DEBUG	Provider finished startup: PluginProvider
1491973150311	addons.manager	DEBUG	Completed startup sequence
[GFX1]: Potential driver version mismatch ignored due to missing DLLs 0.0.0.0 and 0.0.0.0
1491973150965	addons.xpi-utils	DEBUG	Async JSON file read took 0 MS
1491973150965	addons.xpi-utils	DEBUG	Finished async read of XPI database, parsing...
1491973150970	addons.xpi-utils	DEBUG	Successfully read XPI database
1491973151005	addons.manager	DEBUG	Starting provider: <unnamed-provider>
1491973151005	addons.manager	DEBUG	Registering shutdown blocker for <unnamed-provider>
1491973151006	addons.manager	DEBUG	Provider finished startup: <unnamed-provider>
*** Blocklist::_loadBlocklistFromFile: blocklist is disabled
1491973151265	addons.manager	DEBUG	Starting provider: PreviousExperimentProvider
1491973151265	addons.manager	DEBUG	Registering shutdown blocker for PreviousExperimentProvider
1491973151265	addons.manager	DEBUG	Provider finished startup: PreviousExperimentProvider
Crash Annotation GraphicsCriticalError: |[C0][GFX1]: Potential driver version mismatch ignored due to missing DLLs 0.0.0.0 and 0.0.0.0 (t=3.48178) [GFX1]: Potential driver version mismatch ignored due to missing DLLs 0.0.0.0 and 0.0.0.0

Build info: version: '2.45.0', revision: '5017cb8e7ca8e37638dc3091b2440b90a1d8686f', time: '2015-02-27 09:10:26'
System info: host: 'Lenovo-PC', ip: '192.168.56.1', os.name: 'Windows 7', os.arch: 'amd64', os.version: '6.1', java.version: '1.8.0_121'
Driver info: driver.version: FirefoxDriver
	at org.openqa.selenium.firefox.internal.NewProfileExtensionConnection.start(NewProfileExtensionConnection.java:130)
	at org.openqa.selenium.firefox.FirefoxDriver.startClient(FirefoxDriver.java:246)
	at org.openqa.selenium.remote.RemoteWebDriver.<init>(RemoteWebDriver.java:114)
	at org.openqa.selenium.firefox.FirefoxDriver.<init>(FirefoxDriver.java:191)
	at org.openqa.selenium.firefox.FirefoxDriver.<init>(FirefoxDriver.java:186)
	at org.openqa.selenium.firefox.FirefoxDriver.<init>(FirefoxDriver.java:182)
	at org.openqa.selenium.firefox.FirefoxDriver.<init>(FirefoxDriver.java:95)
	at example.NewTest.beforeTest(NewTest.java:21)
Caused by: org.openqa.selenium.firefox.NotConnectedException: Unable to connect to host 127.0.0.1 on port 7055 after 45000 ms. Firefox console output:
":true,"v":"52.0","st":1488490724000}},"winreg-app-global":{"arthurj8283@gmail.com":{"d":"C:\\Users\\Lenovo\\AppData\\Roaming\\Mozilla\\Firefox\\Profiles\\ybkumo7h.default\\extensions\\arthurj8283@gmail.com","e":false,"v":"1.0.1","st":1489033440885,"mt":1428487616000}}}
1491973150191	addons.xpi	DEBUG	No changes found
1491973150213	addons.xpi	DEBUG	Registering manifest for C:\Program Files (x86)\Mozilla Firefox\browser\features\aushelper@mozilla.org.xpi
1491973150215	addons.xpi	DEBUG	Loading bootstrap scope from C:\Program Files (x86)\Mozilla Firefox\browser\features\aushelper@mozilla.org.xpi
1491973150228	addons.xpi	DEBUG	Calling bootstrap method startup on aushelper@mozilla.org version 2.0
1491973150232	addons.xpi	DEBUG	Registering manifest for C:\Program Files (x86)\Mozilla Firefox\browser\features\e10srollout@mozilla.org.xpi
1491973150233	addons.xpi	DEBUG	Loading bootstrap scope from C:\Program Files (x86)\Mozilla Firefox\browser\features\e10srollout@mozilla.org.xpi
1491973150240	addons.xpi	DEBUG	Calling bootstrap method startup on e10srollout@mozilla.org version 1.9
1491973150242	addons.xpi	DEBUG	Registering manifest for C:\Program Files (x86)\Mozilla Firefox\browser\features\firefox@getpocket.com.xpi
1491973150243	addons.xpi	DEBUG	Loading bootstrap scope from C:\Program Files (x86)\Mozilla Firefox\browser\features\firefox@getpocket.com.xpi
1491973150253	addons.xpi	DEBUG	Calling bootstrap method startup on firefox@getpocket.com version 1.0.5
1491973150271	addons.xpi-utils	DEBUG	Starting async load of XPI database C:\Users\Lenovo\AppData\Local\Temp\anonymous7230217526087937825webdriver-profile\extensions.json
1491973150273	addons.xpi	DEBUG	Registering manifest for C:\Program Files (x86)\Mozilla Firefox\browser\features\webcompat@mozilla.org.xpi
1491973150274	addons.xpi	DEBUG	Loading bootstrap scope from C:\Program Files (x86)\Mozilla Firefox\browser\features\webcompat@mozilla.org.xpi
1491973150279	addons.xpi	DEBUG	Calling bootstrap method startup on webcompat@mozilla.org version 1.0
1491973150284	addons.manager	DEBUG	Registering shutdown blocker for XPIProvider
1491973150285	addons.manager	DEBUG	Provider finished startup: XPIProvider
1491973150286	addons.manager	DEBUG	Starting provider: LightweightThemeManager
1491973150287	addons.manager	DEBUG	Registering shutdown blocker for LightweightThemeManager
1491973150287	addons.manager	DEBUG	Provider finished startup: LightweightThemeManager
1491973150289	addons.manager	DEBUG	Starting provider: GMPProvider
1491973150308	addons.manager	DEBUG	Registering shutdown blocker for GMPProvider
1491973150309	addons.manager	DEBUG	Provider finished startup: GMPProvider
1491973150309	addons.manager	DEBUG	Starting provider: PluginProvider
1491973150309	addons.manager	DEBUG	Registering shutdown blocker for PluginProvider
1491973150310	addons.manager	DEBUG	Provider finished startup: PluginProvider
1491973150311	addons.manager	DEBUG	Completed startup sequence
[GFX1]: Potential driver version mismatch ignored due to missing DLLs 0.0.0.0 and 0.0.0.0
1491973150965	addons.xpi-utils	DEBUG	Async JSON file read took 0 MS
1491973150965	addons.xpi-utils	DEBUG	Finished async read of XPI database, parsing...
1491973150970	addons.xpi-utils	DEBUG	Successfully read XPI database
1491973151005	addons.manager	DEBUG	Starting provider: <unnamed-provider>
1491973151005	addons.manager	DEBUG	Registering shutdown blocker for <unnamed-provider>
1491973151006	addons.manager	DEBUG	Provider finished startup: <unnamed-provider>
*** Blocklist::_loadBlocklistFromFile: blocklist is disabled
1491973151265	addons.manager	DEBUG	Starting provider: PreviousExperimentProvider
1491973151265	addons.manager	DEBUG	Registering shutdown blocker for PreviousExperimentProvider
1491973151265	addons.manager	DEBUG	Provider finished startup: PreviousExperimentProvider
Crash Annotation GraphicsCriticalError: |[C0][GFX1]: Potential driver version mismatch ignored due to missing DLLs 0.0.0.0 and 0.0.0.0 (t=3.48178) [GFX1]: Potential driver version mismatch ignored due to missing DLLs 0.0.0.0 and 0.0.0.0

	at org.openqa.selenium.firefox.internal.NewProfileExtensionConnection.start(NewProfileExtensionConnection.java:118)
	... 29 more
... Removed 22 stack frames]]>
    </failure>
  </testcase> <!-- @BeforeTest beforeTest -->
  <testcase name="@AfterTest afterTest" time="0.0" classname="example.NewTest">
    <skipped/>
  </testcase> <!-- @AfterTest afterTest -->
  <testcase name="testEasy" time="0.005" classname="example.NewTest">
    <skipped/>
  </testcase> <!-- testEasy -->
</testsuite> <!-- Test -->
