<?xml version="1.0" encoding="UTF-8"?>
<testng-results skipped="1" failed="0" total="1" passed="0">
  <reporter-output>
  </reporter-output>
  <suite name="Suite" duration-ms="57957" started-at="2017-04-12T04:58:58Z" finished-at="2017-04-12T04:59:56Z">
    <groups>
    </groups>
    <test name="Test" duration-ms="57957" started-at="2017-04-12T04:58:58Z" finished-at="2017-04-12T04:59:56Z">
      <class name="example.NewTest">
        <test-method status="FAIL" signature="beforeTest()[pri:0, instance:example.NewTest@457e2f02]" name="beforeTest" is-config="true" duration-ms="0" started-at="2017-04-12T10:28:58Z" finished-at="2017-04-12T10:28:58Z">
          <exception class="org.openqa.selenium.WebDriverException">
            <message>
              <![CDATA[Failed to connect to binary FirefoxBinary(C:\Program Files (x86)\Mozilla Firefox\firefox.exe) on port 7055; process output follows: 
":true,"v":"52.0","st":1488490724000}},"winreg-app-global":{"arthurj8283@gmail.com":{"d":"C:\\Users\\Lenovo\\AppData\\Roaming\\Mozilla\\Firefox\\Profiles\\ybkumo7h.default\\extensions\\arthurj8283@gmail.com","e":false,"v":"1.0.1","st":1489033440885,"mt":1428487616000}}}
1491973150191	addons.xpi	DEBUG	No changes found
1491973150213	addons.xpi	DEBUG	Registering manifest for C:\Program Files (x86)\Mozilla Firefox\browser\features\aushelper@mozilla.org.xpi
1491973150215	addons.xpi	DEBUG	Loading bootstrap scope from C:\Program Files (x86)\Mozilla Firefox\browser\features\aushelper@mozilla.org.xpi
1491973150228	addons.xpi	DEBUG	Calling bootstrap method startup on aushelper@mozilla.org version 2.0
1491973150232	addons.xpi	DEBUG	Registering manifest for C:\Program Files (x86)\Mozilla Firefox\browser\features\e10srollout@mozilla.org.xpi
1491973150233	addons.xpi	DEBUG	Loading bootstrap scope from C:\Program Files (x86)\Mozilla Firefox\browser\features\e10srollout@mozilla.org.xpi
1491973150240	addons.xpi	DEBUG	Calling bootstrap method startup on e10srollout@mozilla.org version 1.9
1491973150242	addons.xpi	DEBUG	Registering manifest for C:\Program Files (x86)\Mozilla Firefox\browser\features\firefox@getpocket.com.xpi
1491973150243	addons.xpi	DEBUG	Loading bootstrap scope from C:\Program Files (x86)\Mozilla Firefox\browser\features\firefox@getpocket.com.xpi
1491973150253	addons.xpi	DEBUG	Calling bootstrap method startup on firefox@getpocket.com version 1.0.5
1491973150271	addons.xpi-utils	DEBUG	Starting async load of XPI database C:\Users\Lenovo\AppData\Local\Temp\anonymous7230217526087937825webdriver-profile\extensions.json
1491973150273	addons.xpi	DEBUG	Registering manifest for C:\Program Files (x86)\Mozilla Firefox\browser\features\webcompat@mozilla.org.xpi
1491973150274	addons.xpi	DEBUG	Loading bootstrap scope from C:\Program Files (x86)\Mozilla Firefox\browser\features\webcompat@mozilla.org.xpi
1491973150279	addons.xpi	DEBUG	Calling bootstrap method startup on webcompat@mozilla.org version 1.0
1491973150284	addons.manager	DEBUG	Registering shutdown blocker for XPIProvider
1491973150285	addons.manager	DEBUG	Provider finished startup: XPIProvider
1491973150286	addons.manager	DEBUG	Starting provider: LightweightThemeManager
1491973150287	addons.manager	DEBUG	Registering shutdown blocker for LightweightThemeManager
1491973150287	addons.manager	DEBUG	Provider finished startup: LightweightThemeManager
1491973150289	addons.manager	DEBUG	Starting provider: GMPProvider
1491973150308	addons.manager	DEBUG	Registering shutdown blocker for GMPProvider
1491973150309	addons.manager	DEBUG	Provider finished startup: GMPProvider
1491973150309	addons.manager	DEBUG	Starting provider: PluginProvider
1491973150309	addons.manager	DEBUG	Registering shutdown blocker for PluginProvider
1491973150310	addons.manager	DEBUG	Provider finished startup: PluginProvider
1491973150311	addons.manager	DEBUG	Completed startup sequence
[GFX1]: Potential driver version mismatch ignored due to missing DLLs 0.0.0.0 and 0.0.0.0
1491973150965	addons.xpi-utils	DEBUG	Async JSON file read took 0 MS
1491973150965	addons.xpi-utils	DEBUG	Finished async read of XPI database, parsing...
1491973150970	addons.xpi-utils	DEBUG	Successfully read XPI database
1491973151005	addons.manager	DEBUG	Starting provider: <unnamed-provider>
1491973151005	addons.manager	DEBUG	Registering shutdown blocker for <unnamed-provider>
1491973151006	addons.manager	DEBUG	Provider finished startup: <unnamed-provider>
*** Blocklist::_loadBlocklistFromFile: blocklist is disabled
1491973151265	addons.manager	DEBUG	Starting provider: PreviousExperimentProvider
1491973151265	addons.manager	DEBUG	Registering shutdown blocker for PreviousExperimentProvider
1491973151265	addons.manager	DEBUG	Provider finished startup: PreviousExperimentProvider
Crash Annotation GraphicsCriticalError: |[C0][GFX1]: Potential driver version mismatch ignored due to missing DLLs 0.0.0.0 and 0.0.0.0 (t=3.48178) [GFX1]: Potential driver version mismatch ignored due to missing DLLs 0.0.0.0 and 0.0.0.0

Build info: version: '2.45.0', revision: '5017cb8e7ca8e37638dc3091b2440b90a1d8686f', time: '2015-02-27 09:10:26'
System info: host: 'Lenovo-PC', ip: '192.168.56.1', os.name: 'Windows 7', os.arch: 'amd64', os.version: '6.1', java.version: '1.8.0_121'
Driver info: driver.version: FirefoxDriver]]>
            </message>
            <full-stacktrace>
              <![CDATA[org.openqa.selenium.WebDriverException: Failed to connect to binary FirefoxBinary(C:\Program Files (x86)\Mozilla Firefox\firefox.exe) on port 7055; process output follows: 
":true,"v":"52.0","st":1488490724000}},"winreg-app-global":{"arthurj8283@gmail.com":{"d":"C:\\Users\\Lenovo\\AppData\\Roaming\\Mozilla\\Firefox\\Profiles\\ybkumo7h.default\\extensions\\arthurj8283@gmail.com","e":false,"v":"1.0.1","st":1489033440885,"mt":1428487616000}}}
1491973150191	addons.xpi	DEBUG	No changes found
1491973150213	addons.xpi	DEBUG	Registering manifest for C:\Program Files (x86)\Mozilla Firefox\browser\features\aushelper@mozilla.org.xpi
1491973150215	addons.xpi	DEBUG	Loading bootstrap scope from C:\Program Files (x86)\Mozilla Firefox\browser\features\aushelper@mozilla.org.xpi
1491973150228	addons.xpi	DEBUG	Calling bootstrap method startup on aushelper@mozilla.org version 2.0
1491973150232	addons.xpi	DEBUG	Registering manifest for C:\Program Files (x86)\Mozilla Firefox\browser\features\e10srollout@mozilla.org.xpi
1491973150233	addons.xpi	DEBUG	Loading bootstrap scope from C:\Program Files (x86)\Mozilla Firefox\browser\features\e10srollout@mozilla.org.xpi
1491973150240	addons.xpi	DEBUG	Calling bootstrap method startup on e10srollout@mozilla.org version 1.9
1491973150242	addons.xpi	DEBUG	Registering manifest for C:\Program Files (x86)\Mozilla Firefox\browser\features\firefox@getpocket.com.xpi
1491973150243	addons.xpi	DEBUG	Loading bootstrap scope from C:\Program Files (x86)\Mozilla Firefox\browser\features\firefox@getpocket.com.xpi
1491973150253	addons.xpi	DEBUG	Calling bootstrap method startup on firefox@getpocket.com version 1.0.5
1491973150271	addons.xpi-utils	DEBUG	Starting async load of XPI database C:\Users\Lenovo\AppData\Local\Temp\anonymous7230217526087937825webdriver-profile\extensions.json
1491973150273	addons.xpi	DEBUG	Registering manifest for C:\Program Files (x86)\Mozilla Firefox\browser\features\webcompat@mozilla.org.xpi
1491973150274	addons.xpi	DEBUG	Loading bootstrap scope from C:\Program Files (x86)\Mozilla Firefox\browser\features\webcompat@mozilla.org.xpi
1491973150279	addons.xpi	DEBUG	Calling bootstrap method startup on webcompat@mozilla.org version 1.0
1491973150284	addons.manager	DEBUG	Registering shutdown blocker for XPIProvider
1491973150285	addons.manager	DEBUG	Provider finished startup: XPIProvider
1491973150286	addons.manager	DEBUG	Starting provider: LightweightThemeManager
1491973150287	addons.manager	DEBUG	Registering shutdown blocker for LightweightThemeManager
1491973150287	addons.manager	DEBUG	Provider finished startup: LightweightThemeManager
1491973150289	addons.manager	DEBUG	Starting provider: GMPProvider
1491973150308	addons.manager	DEBUG	Registering shutdown blocker for GMPProvider
1491973150309	addons.manager	DEBUG	Provider finished startup: GMPProvider
1491973150309	addons.manager	DEBUG	Starting provider: PluginProvider
1491973150309	addons.manager	DEBUG	Registering shutdown blocker for PluginProvider
1491973150310	addons.manager	DEBUG	Provider finished startup: PluginProvider
1491973150311	addons.manager	DEBUG	Completed startup sequence
[GFX1]: Potential driver version mismatch ignored due to missing DLLs 0.0.0.0 and 0.0.0.0
1491973150965	addons.xpi-utils	DEBUG	Async JSON file read took 0 MS
1491973150965	addons.xpi-utils	DEBUG	Finished async read of XPI database, parsing...
1491973150970	addons.xpi-utils	DEBUG	Successfully read XPI database
1491973151005	addons.manager	DEBUG	Starting provider: <unnamed-provider>
1491973151005	addons.manager	DEBUG	Registering shutdown blocker for <unnamed-provider>
1491973151006	addons.manager	DEBUG	Provider finished startup: <unnamed-provider>
*** Blocklist::_loadBlocklistFromFile: blocklist is disabled
1491973151265	addons.manager	DEBUG	Starting provider: PreviousExperimentProvider
1491973151265	addons.manager	DEBUG	Registering shutdown blocker for PreviousExperimentProvider
1491973151265	addons.manager	DEBUG	Provider finished startup: PreviousExperimentProvider
Crash Annotation GraphicsCriticalError: |[C0][GFX1]: Potential driver version mismatch ignored due to missing DLLs 0.0.0.0 and 0.0.0.0 (t=3.48178) [GFX1]: Potential driver version mismatch ignored due to missing DLLs 0.0.0.0 and 0.0.0.0

Build info: version: '2.45.0', revision: '5017cb8e7ca8e37638dc3091b2440b90a1d8686f', time: '2015-02-27 09:10:26'
System info: host: 'Lenovo-PC', ip: '192.168.56.1', os.name: 'Windows 7', os.arch: 'amd64', os.version: '6.1', java.version: '1.8.0_121'
Driver info: driver.version: FirefoxDriver
	at org.openqa.selenium.firefox.internal.NewProfileExtensionConnection.start(NewProfileExtensionConnection.java:130)
	at org.openqa.selenium.firefox.FirefoxDriver.startClient(FirefoxDriver.java:246)
	at org.openqa.selenium.remote.RemoteWebDriver.<init>(RemoteWebDriver.java:114)
	at org.openqa.selenium.firefox.FirefoxDriver.<init>(FirefoxDriver.java:191)
	at org.openqa.selenium.firefox.FirefoxDriver.<init>(FirefoxDriver.java:186)
	at org.openqa.selenium.firefox.FirefoxDriver.<init>(FirefoxDriver.java:182)
	at org.openqa.selenium.firefox.FirefoxDriver.<init>(FirefoxDriver.java:95)
	at example.NewTest.beforeTest(NewTest.java:21)
	at sun.reflect.NativeMethodAccessorImpl.invoke0(Native Method)
	at sun.reflect.NativeMethodAccessorImpl.invoke(Unknown Source)
	at sun.reflect.DelegatingMethodAccessorImpl.invoke(Unknown Source)
	at java.lang.reflect.Method.invoke(Unknown Source)
	at org.testng.internal.MethodInvocationHelper.invokeMethod(MethodInvocationHelper.java:80)
	at org.testng.internal.Invoker.invokeConfigurationMethod(Invoker.java:564)
	at org.testng.internal.Invoker.invokeConfigurations(Invoker.java:213)
	at org.testng.internal.Invoker.invokeConfigurations(Invoker.java:138)
	at org.testng.TestRunner.beforeRun(TestRunner.java:641)
	at org.testng.TestRunner.run(TestRunner.java:609)
	at org.testng.SuiteRunner.runTest(SuiteRunner.java:334)
	at org.testng.SuiteRunner.runSequentially(SuiteRunner.java:329)
	at org.testng.SuiteRunner.privateRun(SuiteRunner.java:291)
	at org.testng.SuiteRunner.run(SuiteRunner.java:240)
	at org.testng.SuiteRunnerWorker.runSuite(SuiteRunnerWorker.java:52)
	at org.testng.SuiteRunnerWorker.run(SuiteRunnerWorker.java:86)
	at org.testng.TestNG.runSuitesSequentially(TestNG.java:1198)
	at org.testng.TestNG.runSuitesLocally(TestNG.java:1123)
	at org.testng.TestNG.run(TestNG.java:1031)
	at org.testng.remote.AbstractRemoteTestNG.run(AbstractRemoteTestNG.java:132)
	at org.testng.remote.RemoteTestNG.initAndRun(RemoteTestNG.java:230)
	at org.testng.remote.RemoteTestNG.main(RemoteTestNG.java:76)
Caused by: org.openqa.selenium.firefox.NotConnectedException: Unable to connect to host 127.0.0.1 on port 7055 after 45000 ms. Firefox console output:
":true,"v":"52.0","st":1488490724000}},"winreg-app-global":{"arthurj8283@gmail.com":{"d":"C:\\Users\\Lenovo\\AppData\\Roaming\\Mozilla\\Firefox\\Profiles\\ybkumo7h.default\\extensions\\arthurj8283@gmail.com","e":false,"v":"1.0.1","st":1489033440885,"mt":1428487616000}}}
1491973150191	addons.xpi	DEBUG	No changes found
1491973150213	addons.xpi	DEBUG	Registering manifest for C:\Program Files (x86)\Mozilla Firefox\browser\features\aushelper@mozilla.org.xpi
1491973150215	addons.xpi	DEBUG	Loading bootstrap scope from C:\Program Files (x86)\Mozilla Firefox\browser\features\aushelper@mozilla.org.xpi
1491973150228	addons.xpi	DEBUG	Calling bootstrap method startup on aushelper@mozilla.org version 2.0
1491973150232	addons.xpi	DEBUG	Registering manifest for C:\Program Files (x86)\Mozilla Firefox\browser\features\e10srollout@mozilla.org.xpi
1491973150233	addons.xpi	DEBUG	Loading bootstrap scope from C:\Program Files (x86)\Mozilla Firefox\browser\features\e10srollout@mozilla.org.xpi
1491973150240	addons.xpi	DEBUG	Calling bootstrap method startup on e10srollout@mozilla.org version 1.9
1491973150242	addons.xpi	DEBUG	Registering manifest for C:\Program Files (x86)\Mozilla Firefox\browser\features\firefox@getpocket.com.xpi
1491973150243	addons.xpi	DEBUG	Loading bootstrap scope from C:\Program Files (x86)\Mozilla Firefox\browser\features\firefox@getpocket.com.xpi
1491973150253	addons.xpi	DEBUG	Calling bootstrap method startup on firefox@getpocket.com version 1.0.5
1491973150271	addons.xpi-utils	DEBUG	Starting async load of XPI database C:\Users\Lenovo\AppData\Local\Temp\anonymous7230217526087937825webdriver-profile\extensions.json
1491973150273	addons.xpi	DEBUG	Registering manifest for C:\Program Files (x86)\Mozilla Firefox\browser\features\webcompat@mozilla.org.xpi
1491973150274	addons.xpi	DEBUG	Loading bootstrap scope from C:\Program Files (x86)\Mozilla Firefox\browser\features\webcompat@mozilla.org.xpi
1491973150279	addons.xpi	DEBUG	Calling bootstrap method startup on webcompat@mozilla.org version 1.0
1491973150284	addons.manager	DEBUG	Registering shutdown blocker for XPIProvider
1491973150285	addons.manager	DEBUG	Provider finished startup: XPIProvider
1491973150286	addons.manager	DEBUG	Starting provider: LightweightThemeManager
1491973150287	addons.manager	DEBUG	Registering shutdown blocker for LightweightThemeManager
1491973150287	addons.manager	DEBUG	Provider finished startup: LightweightThemeManager
1491973150289	addons.manager	DEBUG	Starting provider: GMPProvider
1491973150308	addons.manager	DEBUG	Registering shutdown blocker for GMPProvider
1491973150309	addons.manager	DEBUG	Provider finished startup: GMPProvider
1491973150309	addons.manager	DEBUG	Starting provider: PluginProvider
1491973150309	addons.manager	DEBUG	Registering shutdown blocker for PluginProvider
1491973150310	addons.manager	DEBUG	Provider finished startup: PluginProvider
1491973150311	addons.manager	DEBUG	Completed startup sequence
[GFX1]: Potential driver version mismatch ignored due to missing DLLs 0.0.0.0 and 0.0.0.0
1491973150965	addons.xpi-utils	DEBUG	Async JSON file read took 0 MS
1491973150965	addons.xpi-utils	DEBUG	Finished async read of XPI database, parsing...
1491973150970	addons.xpi-utils	DEBUG	Successfully read XPI database
1491973151005	addons.manager	DEBUG	Starting provider: <unnamed-provider>
1491973151005	addons.manager	DEBUG	Registering shutdown blocker for <unnamed-provider>
1491973151006	addons.manager	DEBUG	Provider finished startup: <unnamed-provider>
*** Blocklist::_loadBlocklistFromFile: blocklist is disabled
1491973151265	addons.manager	DEBUG	Starting provider: PreviousExperimentProvider
1491973151265	addons.manager	DEBUG	Registering shutdown blocker for PreviousExperimentProvider
1491973151265	addons.manager	DEBUG	Provider finished startup: PreviousExperimentProvider
Crash Annotation GraphicsCriticalError: |[C0][GFX1]: Potential driver version mismatch ignored due to missing DLLs 0.0.0.0 and 0.0.0.0 (t=3.48178) [GFX1]: Potential driver version mismatch ignored due to missing DLLs 0.0.0.0 and 0.0.0.0

	at org.openqa.selenium.firefox.internal.NewProfileExtensionConnection.start(NewProfileExtensionConnection.java:118)
	... 29 more
]]>
            </full-stacktrace>
          </exception> <!-- org.openqa.selenium.WebDriverException -->
          <reporter-output>
          </reporter-output>
        </test-method> <!-- beforeTest -->
        <test-method status="SKIP" signature="testEasy()[pri:0, instance:example.NewTest@457e2f02]" name="testEasy" duration-ms="5" started-at="2017-04-12T10:29:56Z" finished-at="2017-04-12T10:29:56Z">
          <reporter-output>
          </reporter-output>
        </test-method> <!-- testEasy -->
        <test-method status="SKIP" signature="afterTest()[pri:0, instance:example.NewTest@457e2f02]" name="afterTest" is-config="true" duration-ms="0" started-at="2017-04-12T10:29:56Z" finished-at="2017-04-12T10:29:56Z">
          <reporter-output>
          </reporter-output>
        </test-method> <!-- afterTest -->
      </class> <!-- example.NewTest -->
    </test> <!-- Test -->
  </suite> <!-- Suite -->
</testng-results>
